Excluding 6 participants with >10% unmapped responses.
experiment  condition
1           new_learn    2
2           new_learn    1
            relearn      3
Name: subject, dtype: int64
Dropping 836 rows with unmapped cat/resp values.
experiment  condition
1           new_learn    [10, 12, 14, 16, 18, 20, 26, 28, 2, 30, 32, 34...
            relearn      [11, 13, 15, 17, 19, 1, 21, 23, 25, 27, 29, 31...
2           new_learn    [42, 44, 46, 48, 50, 52, 54, 56, 58, 62, 64, 6...
            relearn      [41, 43, 45, 47, 49, 53, 55, 57, 59, 61, 63, 6...
Name: subject, dtype: object
experiment  condition
1           new_learn    18
            relearn      20
2           new_learn    19
            relearn      17
Name: subject, dtype: int64
Total groups=8, chunk_index=0, num_chunks=4, groups_in_chunk=2, max_groups=8
nll_rand_guess [0.71069167] 68.62157087543459
[0 1]
nll_bias_guess [0.29260608] 59.870644127993
[0 1]
nll_unix_0 [32.3947339  20.24247595] 37.39392201900429
[0 1]
nll_unix_1 [75.75358259 49.99934412] 90.27006301928148
[0 1]
nll_uniy_0 [18.30003177 49.99091955] 73.28458615887827
[0 1]
nll_uniy_1 [75.33039036 49.91214482] 57.403297557764816
[0 1]
nll_glc_0 [  0.99999994 -32.5235791   19.82396302] 37.4011706521768
0.9999999431513082 0.0003371904214067113 -32.52357910389656
[0 1]
nll_glc_1 [-0.97305311 20.54529745 19.47631244] 35.93570053085874
-0.9730531092168673 0.23058110643196106 20.545297446667654
[0 1]
nll_gcc_eq_0 [4.62765459e-03 6.71830275e+01 4.99875126e+01] 63.76762884287294
[0 1]
nll_gcc_eq_1 [39.72552013 24.55187976 17.89446598] 34.81399074630105
[0 1]
nll_gcc_eq_2 [7.19539802e-03 2.64343962e+01 4.99966411e+01] 78.40326997676942
[0 1]
nll_gcc_eq_3 [33.58602224 99.99743239 19.11798755] 37.51112077287145
[0 1]
nll_rand_guess [0.48730236] 69.31471805599453
[0 1]
nll_bias_guess [0.53025759] 69.13462321877343
[0 1]
nll_unix_0 [51.64855524 49.99775336] 78.94756812544136
[0 1]
nll_unix_1 [43.11191489 49.98897988] 74.40052169472591
[0 1]
nll_uniy_0 [54.47202881 49.99768638] 70.7836905821085
[0 1]
nll_uniy_1 [46.17959998 49.99650509] 82.0467394530596
[0 1]
nll_glc_0 [  0.30997491 -66.37791126  49.99839616] 70.32397285859827
0.30997490875136235 0.9507447375318911 -66.37791126446352
[0 1]
nll_glc_1 [  0.99986649 -44.31610082  49.98213307] 74.40989419563206
0.9998664868845721 0.016340391828341856 -44.316100820486845
[0 1]
nll_gcc_eq_0 [26.22424981  0.13737099 49.996574  ] 74.34742425537699
[0 1]
nll_gcc_eq_1 [67.86698463  0.38020686 49.99648027] 80.38885285600036
[0 1]
nll_gcc_eq_2 [1.46003274e-02 7.13973701e+01 4.99969146e+01] 71.09608986787387
[0 1]
nll_gcc_eq_3 [99.93327139 70.56265699 49.97783078] 70.2457066017023
[0 1]
Wrote chunk results to: ../dbm_fits/recovery_chunks/dbm_recovery_empirical_results_block_6_chunk_0000_of_0004.csv

======================================================================================
                  Resource Usage on 2026-04-15 19:12:12:
   Job Id:             165751934[3].gadi-pbs
   Project:            sa4
   Exit Status:        0
   Service Units:      0.01
   NCPUs Requested:    1                   CPU Time Used: 00:00:06        
   Memory Requested:   4.0GB                 Memory Used: 146.39MB        
   Walltime Requested: 01:00:00            Walltime Used: 00:00:13        
   JobFS Requested:    100.0MB                JobFS Used: 0B              
======================================================================================

======================================================================================
                  Resource Usage on 2026-04-15 19:12:12:
   Job Id:             165751934[2].gadi-pbs
   Project:            sa4
   Exit Status:        0
   Service Units:      0.01
   NCPUs Requested:    1                   CPU Time Used: 00:00:06        
   Memory Requested:   4.0GB                 Memory Used: 197.65MB        
   Walltime Requested: 01:00:00            Walltime Used: 00:00:14        
   JobFS Requested:    100.0MB                JobFS Used: 0B              
======================================================================================

======================================================================================
                  Resource Usage on 2026-04-15 19:12:13:
   Job Id:             165751934[0].gadi-pbs
   Project:            sa4
   Exit Status:        0
   Service Units:      0.01
   NCPUs Requested:    1                   CPU Time Used: 00:00:06        
   Memory Requested:   4.0GB                 Memory Used: 226.73MB        
   Walltime Requested: 01:00:00            Walltime Used: 00:00:13        
   JobFS Requested:    100.0MB                JobFS Used: 0B              
======================================================================================
