Excluding 6 participants with >10% unmapped responses.
experiment  condition
1           new_learn    2
2           new_learn    1
            relearn      3
Name: subject, dtype: int64
Dropping 836 rows with unmapped cat/resp values.
experiment  condition
1           new_learn    [10, 12, 14, 16, 18, 20, 26, 28, 2, 30, 32, 34...
            relearn      [11, 13, 15, 17, 19, 1, 21, 23, 25, 27, 29, 31...
2           new_learn    [42, 44, 46, 48, 50, 52, 54, 56, 58, 62, 64, 6...
            relearn      [41, 43, 45, 47, 49, 53, 55, 57, 59, 61, 63, 6...
Name: subject, dtype: object
experiment  condition
1           new_learn    18
            relearn      20
2           new_learn    19
            relearn      17
Name: subject, dtype: int64
Total groups=148, chunk_index=1, num_chunks=4, groups_in_chunk=37
nll_rand_guess [0.49556803] 68.62157087543459
[0 1]
nll_bias_guess [0.27193546] 58.00946586835839
[0 1]
nll_unix_0 [30.33753922 17.11385942] 38.4073899259988
[0 1]
nll_unix_1 [70.12255487 35.47664571] 103.54985068299135
[0 1]
nll_uniy_0 [23.07302412 35.47670585] 77.82754695458009
[0 1]
nll_uniy_1 [70.04958096 35.47234247] 59.75825341518683
[0 1]
nll_glc_0 [  0.99999988 -30.04346514  17.2658668 ] 38.41544257657776
0.9999998840725133 0.00048151319816686387 -30.04346513576754
[0 1]
nll_glc_1 [-0.99272666 24.50249398 17.14312827] 37.91081991744727
-0.9927266582117762 0.12039012449399372 24.502493976033346
[0 1]
nll_gcc_eq_0 [1.67886097e-02 6.70047192e+01 3.54703248e+01] 65.67241538996309
[0 1]
nll_gcc_eq_1 [34.33928073 17.19404933 16.15577336] 37.2248033332637
[0 1]
nll_gcc_eq_2 [1.48347733e-02 2.68910761e+01 3.54730081e+01] 82.64334126840585
[0 1]
nll_gcc_eq_3 [30.90517964 99.99551764 16.68954964] 39.4484058896339
[0 1]
nll_rand_guess [0.72836299] 64.46268779207492
[0 1]
nll_bias_guess [0.44065516] 63.81063269462277
[0 1]
nll_unix_0 [47.65439831 39.10196715] 64.16511609447856
[0 1]
nll_unix_1 [60.86666589 39.10518895] 83.54249866270538
[0 1]
nll_uniy_0 [44.4392117  23.51235275] 46.6853311776217
[0 1]
nll_uniy_1 [53.98209503 39.10980018] 95.51046405168194
[0 1]
nll_glc_0 [  0.43447448 -64.15545444  17.80830736] 39.61514267870412
0.434474483731073 0.9006841416315808 -64.15545443641139
[0 1]
nll_glc_1 [-0.99999991 47.13826345 39.0974501 ] 64.17956574983687
-0.9999999129229769 0.00041731767125974343 47.13826345292829
[0 1]
nll_gcc_eq_0 [5.22975000e+01 1.05760970e-02 3.91099553e+01] 86.18842110310737
[0 1]
nll_gcc_eq_1 [5.21193247e+01 9.51475482e-03 3.90933199e+01] 70.74430504323459
[0 1]
nll_gcc_eq_2 [1.20045106e-02 4.51556194e+01 2.12953258e+01] 47.90032665308961
[0 1]
nll_gcc_eq_3 [83.55217485 52.00858232 20.48836408] 43.29106289247656
[0 1]
nll_rand_guess [0.44051158] 69.31471805599453
[0 1]
nll_bias_guess [0.49981963] 69.31472456236568
[0 1]
nll_unix_0 [47.51083162 38.6248225 ] 93.33766284507318
[0 1]
nll_unix_1 [47.76554682 38.61600621] 70.55004988950598
[0 1]
nll_uniy_0 [50.19417207 38.623847  ] 78.25204559956643
[0 1]
nll_uniy_1 [50.08055313 38.62493454] 84.68135264309535
[0 1]
nll_glc_0 [-0.99999456 47.0931103  38.62120714] 70.56362432076133
-0.9999945621988795 0.003297813316626724 47.0931103003226
[0 1]
nll_glc_1 [  0.94914632 -61.29214944  38.60576896] 69.67210061105696
0.9491463186137741 0.31483529958046325 -61.29214943987265
[0 1]
nll_gcc_eq_0 [38.19075325  0.0676439  38.61511668] 70.05896502252943
[0 1]
nll_gcc_eq_1 [99.91715688 42.45400052 38.61859609] 86.88004899231939
[0 1]
nll_gcc_eq_2 [39.01400538 99.94576983 38.62023332] 70.89528267366794
[0 1]
nll_gcc_eq_3 [99.99496078 60.00576649 38.62444164] 77.87359452534659
[0 1]
nll_rand_guess [0.65513341] 67.23527651431469
[0 1]
nll_bias_guess [0.50493799] 67.23013089027756
[0 1]
nll_unix_0 [48.62625113 38.87189172] 88.37097240496803
[0 1]
nll_unix_1 [46.61114223 38.84913066] 65.16315688375147
[0 1]
nll_uniy_0 [50.66772026 23.28295624] 44.75345780745255
[0 1]
nll_uniy_1 [50.83856525 38.87385801] 112.1757754655093
[0 1]
nll_glc_0 [ -0.07765577 -46.84726699  23.845294  ] 44.62691917939444
-0.07765576819547304 0.9969802313315801 -46.8472669861012
[0 1]
nll_glc_1 [  0.99999993 -46.71472344  38.84335765] 65.1733848449598
0.9999999273914963 0.0003810734864693615 -46.71472344304582
[0 1]
nll_gcc_eq_0 [4.24595338e+01 6.06633968e-03 3.65533641e+01] 72.11596049604542
[0 1]
nll_gcc_eq_1 [53.5824154   0.08726632 38.85461346] 95.18721172527952
[0 1]
nll_gcc_eq_2 [1.72799492e-02 5.32434416e+01 2.32973009e+01] 45.11507384902746
[0 1]
nll_gcc_eq_3 [99.99917858 52.21938083 19.88798906] 45.92416954346558
[0 1]
nll_rand_guess [0.58670011] 69.31471805599453
[0 1]
nll_bias_guess [0.43000965] 68.33149137642869
[0 1]
nll_unix_0 [39.67937032 38.41787992] 67.25576693403178
[0 1]
nll_unix_1 [55.37611754 38.4186727 ] 94.61893900311487
[0 1]
nll_uniy_0 [43.09235543 38.41220882] 62.69421352061177
[0 1]
nll_uniy_1 [57.36192223 38.41843137] 102.11844642660154
[0 1]
nll_glc_0 [  0.66586122 -63.49684404  26.17153235] 52.54104341238796
0.6658612223969884 0.7460756211725379 -63.49684403699173
[0 1]
nll_glc_1 [-0.99999996 39.31128501 38.4103087 ] 67.26480329453364
-0.9999999574785178 0.0002916212658088866 39.31128500853146
[0 1]
nll_gcc_eq_0 [31.56522754 22.29778479 38.41552369] 91.59465842412095
[0 1]
nll_gcc_eq_1 [4.39666155e+01 1.48155872e-02 3.84022769e+01] 73.35386468183874
[0 1]
nll_gcc_eq_2 [3.48908502e-03 4.79898182e+01 3.83587742e+01] 67.7045872651692
[0 1]
nll_gcc_eq_3 [69.85100738 63.35887326 30.99606844] 55.73168218464238
[0 1]
nll_rand_guess [0.85190282] 69.31471805599453
[0 1]
nll_bias_guess [0.6099668] 66.87480891677198
[0 1]
nll_unix_0 [63.1487047  38.09039398] 89.17321505100696
[0 1]
nll_unix_1 [39.95406465 38.09204291] 70.41101588109633
[0 1]
nll_uniy_0 [60.10631499 36.60656732] 55.753435122799594
[0 1]
nll_uniy_1 [37.84263151 38.09263808] 102.79494781298092
[0 1]
nll_glc_0 [ -0.14094536 -52.3082367   37.41562451] 55.53085561908145
-0.14094536476437758 0.9900173756815769 -52.308236696563824
[0 1]
nll_glc_1 [  0.99999996 -40.09967431  38.05930582] 70.42809346869504
0.9999999632666514 0.0002710474051489238 -40.099674308890435
[0 1]
nll_gcc_eq_0 [3.09825783e+01 5.08572536e-03 3.80129688e+01] 74.2481977580376
[0 1]
nll_gcc_eq_1 [7.28766649e+01 9.69454865e-03 3.80932613e+01] 93.34922282013062
[0 1]
nll_gcc_eq_2 [ 0.184523   64.34288718 31.01853884] 55.11321722344148
[0 1]
nll_gcc_eq_3 [99.99963043 63.17729497 27.80471157] 58.43547138027479
[0 1]
nll_rand_guess [0.72766963] 69.31471805599453
[0 1]
nll_bias_guess [0.46043992] 68.99441479773418
[0 1]
nll_unix_0 [45.25490973 38.96825778] 76.25515911098394
[0 1]
nll_unix_1 [53.74500853 38.96950307] 84.09761808844583
[0 1]
nll_uniy_0 [47.57150873 38.96660087] 70.70748480184105
[0 1]
nll_uniy_1 [55.49697793 38.96904806] 91.477835547014
[0 1]
nll_glc_0 [  0.58209691 -66.46379376  38.94015349] 67.16015524435934
0.5820969134878706 0.813119415158619 -66.46379376325031
[0 1]
nll_glc_1 [  0.99999989 -53.65760022  38.96985556] 84.09933295558965
0.999999893728128 0.00046102465510417494 -53.65760021814556
[0 1]
nll_gcc_eq_0 [44.64091382  0.68290468 38.95739888] 84.19999121186524
[0 1]
nll_gcc_eq_1 [51.33453984  0.07816666 38.95825557] 79.35449259232888
[0 1]
nll_gcc_eq_2 [ 0.08118146 54.06736046 38.96438717] 72.40675193330013
[0 1]
nll_gcc_eq_3 [84.10335727 64.0197326  38.94524244] 67.917909261646
[0 1]
nll_rand_guess [0.16485061] 65.8489821531948
[0 1]
nll_bias_guess [0.48273091] 65.80202228651788
[0 1]
nll_unix_0 [48.37020434 39.03211404] 83.54096829800449
[0 1]
nll_unix_1 [51.18296953 39.03761383] 70.010845650309
[0 1]
nll_uniy_0 [48.95968602 39.03188035] 71.91276435195448
[0 1]
nll_uniy_1 [51.3862618  39.03499939] 86.0850534604747
[0 1]
nll_glc_0 [  0.33819179 -62.36252623  39.02665963] 71.44322655098213
0.3381917901233433 0.9410772088905185 -62.36252623484232
[0 1]
nll_glc_1 [  0.98366437 -59.28256482  39.03490908] 69.7628501481046
0.9836643696956213 0.18001224344837224 -59.28256482220156
[0 1]
nll_gcc_eq_0 [4.09034803e+01 2.41568608e-02 3.90320857e+01] 69.72810396132871
[0 1]
nll_gcc_eq_1 [56.00524099  0.07374189 39.02716698] 85.51060064570612
[0 1]
nll_gcc_eq_2 [30.47563307 78.13212474 39.03519242] 69.8910870434064
[0 1]
nll_gcc_eq_3 [99.86295639 58.30379158 39.02760797] 71.57338869962068
[0 1]
nll_rand_guess [0.63450551] 68.62157087543459
[0 1]
nll_bias_guess [0.45453822] 68.21191461962889
[0 1]
nll_unix_0 [45.39636484 38.52863734] 86.40754917296604
[0 1]
nll_unix_1 [54.56527208 38.52901527] 71.79855638523944
[0 1]
nll_uniy_0 [43.56733459 32.72855548] 53.25892742642509
[0 1]
nll_uniy_1 [52.11780074 38.52986877] 111.24393794868774
[0 1]
nll_glc_0 [  0.04945546 -46.00646979  32.26780746] 53.22581646393666
0.04945546357965758 0.9987763298767753 -46.006469791280466
[0 1]
nll_glc_1 [  0.99999982 -53.81548697  38.52304946] 71.82485849536448
0.9999998166064228 0.0006056295243685368 -53.81548696591225
[0 1]
nll_gcc_eq_0 [4.77540528e+01 2.51598704e-02 3.85063377e+01] 77.9067337554543
[0 1]
nll_gcc_eq_1 [5.02779449e+01 4.17121418e-02 3.85144462e+01] 93.65455892611311
[0 1]
nll_gcc_eq_2 [1.56125715e-04 4.75047535e+01 3.10466739e+01] 54.131488939950515
[0 1]
nll_gcc_eq_3 [99.98721826 47.87512529 27.98813925] 54.33720429467215
[0 1]
nll_rand_guess [0.99339834] 69.31471805599453
[0 1]
nll_bias_guess [0.42945129] 68.331552790538
[0 1]
nll_unix_0 [44.35772741 37.15034363] 110.51067130894599
[0 1]
nll_unix_1 [57.6185808  29.47318556] 52.58475494615949
[0 1]
nll_uniy_0 [44.77106133 37.14760474] 89.48715559578022
[0 1]
nll_uniy_1 [59.66950031 37.14326225] 76.0372959990007
[0 1]
nll_glc_0 [-0.9922573  50.46785005 27.81563394] 52.27803864754209
-0.9922572963995997 0.124199266268996 50.46785004578348
[0 1]
nll_glc_1 [  0.99999869 -57.72747434  29.81316296] 52.594397048092574
0.9999986852989782 0.001621542572755078 -57.72747434340917
[0 1]
nll_gcc_eq_0 [5.51362352e+01 5.46244825e-02 2.85677893e+01] 53.37775764741405
[0 1]
nll_gcc_eq_1 [99.96828153 53.52498473 37.14952259] 80.86464799862344
[0 1]
nll_gcc_eq_2 [53.54671536 99.99302164 25.92693718] 53.654942724425766
[0 1]
nll_gcc_eq_3 [99.99813134 50.19479195 37.13663668] 95.14642575377931
[0 1]
nll_rand_guess [0.26742809] 68.62157087543459
[0 1]
nll_bias_guess [0.44404064] 68.00922877657683
[0 1]
nll_unix_0 [44.56023323 38.69135649] 96.8908571540716
[0 1]
nll_unix_1 [55.1317753  35.63902186] 58.498815719901934
[0 1]
nll_uniy_0 [45.72578776 38.68526835] 81.15590649105647
[0 1]
nll_uniy_1 [57.40570709 38.68590692] 77.74823837485988
[0 1]
nll_glc_0 [-0.98613088 45.20442306 33.14163213] 58.13576150752779
-0.986130875187927 0.16596956649064679 45.204423055422076
[0 1]
nll_glc_1 [  0.99999786 -55.56332312  36.32826032] 58.51264461679324
0.9999978556283373 0.002070927021177458 -55.563323116273935
[0 1]
nll_gcc_eq_0 [5.09600095e+01 6.32731034e-04 3.43476044e+01] 60.20922117859311
[0 1]
nll_gcc_eq_1 [99.96926628 50.55103737 38.69381174] 80.63740875070796
[0 1]
nll_gcc_eq_2 [49.71499181 99.99500643 31.48944291] 59.263376338890204
[0 1]
nll_gcc_eq_3 [99.92809961 51.1063254  38.68641715] 85.41846700930427
[0 1]
nll_rand_guess [0.87166773] 69.31471805599453
[0 1]
nll_bias_guess [0.63962426] 65.3418501083805
[0 1]
nll_unix_0 [65.50223129 39.69895099] 84.39598700474563
[0 1]
nll_unix_1 [36.0506109 39.7077126] 68.5029590737147
[0 1]
nll_uniy_0 [63.06561006 39.70855855] 74.6290175362635
[0 1]
nll_uniy_1 [32.93312375 39.70767388] 79.08459432537654
[0 1]
nll_glc_0 [-0.84962474  2.87429759 39.70021035] 65.64988420350005
-0.8496247403784835 0.5273877136763755 2.874297589714395
[0 1]
nll_glc_1 [  0.99999313 -35.60309125  39.69456455] 68.54833755002933
0.9999931285739947 0.003707128915233326 -35.603091252143436
[0 1]
nll_gcc_eq_0 [2.39863313e+01 2.99548213e-04 3.97076430e+01] 70.35386531747838
[0 1]
nll_gcc_eq_1 [99.64872234 14.16387717 39.70761844] 72.2484752676164
[0 1]
nll_gcc_eq_2 [19.79785068 98.34103611 39.67849564] 62.42051758179699
[0 1]
nll_gcc_eq_3 [99.92496418 74.15654234 39.70845228] 76.70655380379367
[0 1]
nll_rand_guess [0.43826501] 69.31471805599453
[0 1]
nll_bias_guess [0.62066052] 66.40650528806032
[0 1]
nll_unix_0 [64.61727458 37.06378693] 105.71862286585852
[0 1]
nll_unix_1 [44.41550942 19.13875287] 44.66082459025317
[0 1]
nll_uniy_0 [64.92282757 37.04887778] 60.91503888907914
[0 1]
nll_uniy_1 [40.43181376 37.06373884] 97.34825053857791
[0 1]
nll_glc_0 [-0.90425612 17.86817255 11.63075408] 29.6388448151846
-0.904256119161812 0.42699048110984716 17.868172548452392
[0 1]
nll_glc_1 [  0.99999998 -44.52001195  19.25454162] 44.671183888820664
0.9999999805703983 0.00019712737779810537 -44.52001194852019
[0 1]
nll_gcc_eq_0 [4.47787168e+01 6.15220159e-04 1.64705333e+01] 48.03039315478138
[0 1]
nll_gcc_eq_1 [99.99858633 27.67668937 37.06458856] 98.77517674089867
[0 1]
nll_gcc_eq_2 [38.79602345 84.11091723 11.79981119] 34.99491366815106
[0 1]
nll_gcc_eq_3 [99.99715668 68.15541117 35.66628943] 72.00840439502075
[0 1]
nll_rand_guess [0.6062994] 69.31471805599453
[0 1]
nll_bias_guess [0.46815023] 69.13529691147428
[0 1]
nll_unix_0 [48.64185271 36.57190038] 108.37872330749477
[0 1]
nll_unix_1 [56.18548044 36.56918129] 66.81952598830946
[0 1]
nll_uniy_0 [45.87777812 36.57161032] 70.92464561126421
[0 1]
nll_uniy_1 [52.0546881  36.57183341] 95.20047544759035
[0 1]
nll_glc_0 [-0.7155033   5.56405598 29.29415368] 56.044722438605234
-0.7155032986298777 0.6986093541098373 5.564055977160591
[0 1]
nll_glc_1 [  1.         -56.1098219   36.57161861] 66.81966920437152
0.9999999974669 7.117724288026184e-05 -56.10982189695762
[0 1]
nll_gcc_eq_0 [5.11700222e+01 4.39493289e-03 3.65686319e+01] 71.41378191656835
[0 1]
nll_gcc_eq_1 [90.32219303 34.3789623  36.56988859] 91.05042972824074
[0 1]
nll_gcc_eq_2 [30.4831482  71.02722598 31.70694592] 57.97884888288036
[0 1]
nll_gcc_eq_3 [99.98907313 50.4519296  36.52629415] 77.97060599989715
[0 1]
nll_rand_guess [0.45093085] 69.31471805599453
[0 1]
nll_bias_guess [0.52683058] 69.13662522130012
[0 1]
nll_unix_0 [47.86673664 39.23118654] 104.98344071107657
[0 1]
nll_unix_1 [42.04218777 39.2229406 ] 58.73903681227168
[0 1]
nll_uniy_0 [51.7512195  39.23295889] 68.68404501066797
[0 1]
nll_uniy_1 [45.04472249 39.22892009] 91.31365391521427
[0 1]
nll_glc_0 [-0.78869482  3.18954965 20.04837039] 47.84509696540013
-0.788694818568553 0.6147849080476174 3.1895496548956963
[0 1]
nll_glc_1 [  0.99999954 -42.69697585  38.24235743] 58.77189312982131
0.9999995372848118 0.0009619928078107647 -42.696975853228366
[0 1]
nll_gcc_eq_0 [4.00069642e+01 2.54364740e-02 3.34588400e+01] 65.61413005921099
[0 1]
nll_gcc_eq_1 [99.96259602 34.43525568 39.2280823 ] 89.92143932447053
[0 1]
nll_gcc_eq_2 [30.46607154 77.00141261 19.58674087] 48.44736600588007
[0 1]
nll_gcc_eq_3 [99.99299133 54.91405999 39.17838222] 75.79208743347579
[0 1]
nll_rand_guess [0.80741934] 69.31471805599453
[0 1]
nll_bias_guess [0.5694889] 68.3315446368774
[0 1]
nll_unix_0 [57.09742397 38.11629582] 109.67773190692334
[0 1]
nll_unix_1 [43.22670617 28.88705141] 51.988716255276266
[0 1]
nll_uniy_0 [59.39591569 38.11574171] 81.34142331180149
[0 1]
nll_uniy_1 [44.37861272 38.1149102 ] 78.35404737485297
[0 1]
nll_glc_0 [-0.95694099 26.80244169 23.64448307] 49.969808049362
-0.9569409852304228 0.29028253613717053 26.802441688831166
[0 1]
nll_glc_1 [  0.99999995 -43.16562303  28.80828812] 51.992590116148996
0.9999999485326365 0.0003208344188203407 -43.165623034246224
[0 1]
nll_gcc_eq_0 [4.15950154e+01 1.40646899e-02 2.55942402e+01] 54.01481432620179
[0 1]
nll_gcc_eq_1 [99.93881178 37.27683307 38.11044383] 83.85143781491502
[0 1]
nll_gcc_eq_2 [39.17698433 99.98128284 23.44510777] 51.616276707124925
[0 1]
nll_gcc_eq_3 [99.98908368 64.32670251 38.09219443] 89.55132483604213
[0 1]
nll_rand_guess [0.00926957] 69.31471805599453
[0 1]
nll_bias_guess [0.48970259] 69.29473441993281
[0 1]
nll_unix_0 [44.95421933 38.35998337] 109.35100474617764
[0 1]
nll_unix_1 [46.16380589 24.84621514] 50.1891732276821
[0 1]
nll_uniy_0 [48.10363594 38.34934771] 74.07733857315024
[0 1]
nll_uniy_1 [49.86445738 38.35825458] 87.25652197843056
[0 1]
nll_glc_0 [-0.92257183 23.88233018 18.97577476] 44.51319164104274
-0.9225718273666021 0.38582537934854466 23.882330183917343
[0 1]
nll_glc_1 [  0.99999998 -46.67566099  24.64879551] 50.1983180896105
0.9999999825104318 0.0001870271000233465 -46.67566098555652
[0 1]
nll_gcc_eq_0 [4.49334827e+01 2.65179861e-03 2.19999932e+01] 53.05573031227895
[0 1]
nll_gcc_eq_1 [99.89185939 42.85834598 38.35846458] 89.63820111718698
[0 1]
nll_gcc_eq_2 [41.66525649 91.70229075 18.72273965] 46.053219667653025
[0 1]
nll_gcc_eq_3 [99.97758969 50.8201979  38.35424943] 80.62344870604188
[0 1]
nll_rand_guess [0.45804855] 69.31471805599453
[0 1]
nll_bias_guess [0.62073075] 66.40652603989238
[0 1]
nll_unix_0 [66.39690421 37.06173754] 107.49103998159518
[0 1]
nll_unix_1 [42.525338   37.04706819] 55.0667163366394
[0 1]
nll_uniy_0 [62.98068454 37.0555551 ] 89.85342316052001
[0 1]
nll_uniy_1 [37.3631737  37.05688871] 69.6299671889108
[0 1]
nll_glc_0 [-0.99985733 41.80062811 37.04821664] 55.06493888792129
-0.9998573298448278 0.0168914166241686 41.80062811234444
[0 1]
nll_glc_1 [  0.99998541 -42.94737619  36.96101742] 55.070931956742804
0.9999854103708907 0.005401763171526552 -42.94737618711378
[0 1]
nll_gcc_eq_0 [34.64129347  0.06294373 36.19322879] 56.217840600702985
[0 1]
nll_gcc_eq_1 [99.99146077 28.61435243 37.00596158] 76.05028309800379
[0 1]
nll_gcc_eq_2 [39.10623762 99.99659745 29.53580165] 58.01922386291707
[0 1]
nll_gcc_eq_3 [99.99627617 72.7862233  37.0629923 ] 96.34452391342623
[0 1]
nll_rand_guess [0.38132954] 69.31471805599453
[0 1]
nll_bias_guess [0.6292759] 65.89568047437454
[0 1]
nll_unix_0 [63.78077746 37.73165332] 102.06324529803655
[0 1]
nll_unix_1 [39.56704336 26.89123646] 50.99355563556699
[0 1]
nll_uniy_0 [63.01018748 37.72124497] 61.08086559597086
[0 1]
nll_uniy_1 [36.62643638 37.73135352] 95.25443785189852
[0 1]
nll_glc_0 [-0.83605422  6.75845856 15.67468109] 36.599251201832615
-0.8360542183581176 0.548646829905721 6.758458559473738
[0 1]
nll_glc_1 [  0.99999999 -39.66078715  26.96306404] 50.99892191110776
0.9999999897263043 0.00014334361245942152 -39.66078715393696
[0 1]
nll_gcc_eq_0 [4.01643829e+01 2.94900046e-03 2.16186876e+01] 56.92539791999296
[0 1]
nll_gcc_eq_1 [96.01225278 19.88588746 37.72724367] 94.64223968032763
[0 1]
nll_gcc_eq_2 [31.30043685 76.96989118 14.00506636] 38.8786725744602
[0 1]
nll_gcc_eq_3 [99.99759492 66.82446782 37.56005136] 71.34092350317778
[0 1]
nll_rand_guess [0.99206073] 69.31471805599453
[0 1]
nll_bias_guess [0.68035943] 62.6869754549558
[0 1]
nll_unix_0 [67.13586672 37.18131733] 81.96185635210503
[0 1]
nll_unix_1 [29.05296998 37.17777014] 66.87732695385009
[0 1]
nll_uniy_0 [70.09578995 37.09121311] 52.204258087722636
[0 1]
nll_uniy_1 [31.16200255 37.18402031] 100.11962337894805
[0 1]
nll_glc_0 [-1.62999603e-03 -7.01453497e+01  3.71613292e+01] 52.20299309176049
-0.0016299960278041148 0.9999986715555923 -70.14534969674317
[0 1]
nll_glc_1 [  1.         -29.22097044  37.17173149] 66.8804849992349
0.999999999584783 2.881725080281829e-05 -29.220970435288915
[0 1]
nll_gcc_eq_0 [2.15238884e+01 2.73311170e-02 3.71676719e+01] 73.06538864013103
[0 1]
nll_gcc_eq_1 [7.61719690e+01 2.67669886e-03 3.71721927e+01] 87.98866438731058
[0 1]
nll_gcc_eq_2 [1.34596562e-02 7.46974364e+01 3.12152778e+01] 53.53997948419048
[0 1]
nll_gcc_eq_3 [99.99642223 70.56853183 25.59755961] 53.49677919937244
[0 1]
nll_rand_guess [0.94864652] 69.31471805599453
[0 1]
nll_bias_guess [0.58019446] 68.02920778184286
[0 1]
nll_unix_0 [58.13240305 37.30284509] 82.07052514007381
[0 1]
nll_unix_1 [40.1248963  37.30097402] 79.52979055584919
[0 1]
nll_uniy_0 [55.69417366 37.30492384] 80.98177786569586
[0 1]
nll_uniy_1 [39.74139372 37.30777598] 82.78962613234178
[0 1]
nll_glc_0 [  0.70777265 -76.67149649  37.30671175] 77.42852382197123
0.7077726538220146 0.7064402809167543 -76.67149649451888
[0 1]
nll_glc_1 [  0.79783465 -59.44048885  37.30712639] 77.05235508477242
0.797834648165658 0.6028763340738968 -59.44048885228783
[0 1]
nll_gcc_eq_0 [19.53629532 11.21870791 37.30419009] 75.42825956252918
[0 1]
nll_gcc_eq_1 [68.68252466  0.15983349 37.30734488] 81.77218242919682
[0 1]
nll_gcc_eq_2 [28.3013264  94.32094109 37.30155261] 79.14629811988125
[0 1]
nll_gcc_eq_3 [79.94291219 82.29990579 37.30615686] 77.10126189563223
[0 1]
nll_rand_guess [0.35042336] 64.46268779207492
[0 1]
nll_bias_guess [0.5703967] 63.55115152183974
[0 1]
nll_unix_0 [57.75270699 35.426209  ] 79.07799621884503
[0 1]
nll_unix_1 [43.95963108 35.44370618] 75.38898929229525
[0 1]
nll_uniy_0 [56.29461567 35.44123165] 57.3576070848207
[0 1]
nll_uniy_1 [44.15893814 35.44416106] 100.22405492781198
[0 1]
nll_glc_0 [  0.23846004 -66.88250145  35.44412368] 56.70442249523605
0.23846004332537496 0.9711523092374647 -66.88250144593306
[0 1]
nll_glc_1 [  0.99999999 -44.44994868  35.39525505] 75.4272124367362
0.9999999943625169 0.00010618364419221689 -44.449948684976846
[0 1]
nll_gcc_eq_0 [3.46709648e+01 9.59680087e-03 3.54407804e+01] 75.25580758073724
[0 1]
nll_gcc_eq_1 [6.47241507e+01 1.01200705e-02 3.54448550e+01] 82.2259124595897
[0 1]
nll_gcc_eq_2 [9.69569847e-03 6.28304435e+01 3.54184717e+01] 58.444293684713855
[0 1]
nll_gcc_eq_3 [99.9934653  66.01103029 34.99853165] 56.406369421744614
[0 1]
nll_rand_guess [0.04110257] 69.31471805599453
[0 1]
nll_bias_guess [0.46877473] 69.13491130221193
[0 1]
nll_unix_0 [42.00429369 35.88723691] 95.60939311100378
[0 1]
nll_unix_1 [47.59819738 35.88689907] 70.89201347330925
[0 1]
nll_uniy_0 [42.52209586 30.74825191] 53.5596757987737
[0 1]
nll_uniy_1 [48.86652162 35.88641283] 115.2093313587975
[0 1]
nll_glc_0 [ -0.19915954 -32.78457585  31.03539619] 52.90371223889868
-0.199159539498039 0.9799670799710208 -32.784575852315285
[0 1]
nll_glc_1 [  0.99999989 -47.28558208  35.85705641] 70.9161904939096
0.9999998858122037 0.00047788657615534876 -47.2855820798009
[0 1]
nll_gcc_eq_0 [41.77224218  0.06356745 35.84113502] 77.36899181938091
[0 1]
nll_gcc_eq_1 [4.93862303e+01 9.24740694e-03 3.58868757e+01] 100.61352948637322
[0 1]
nll_gcc_eq_2 [3.11191129e-02 4.80859418e+01 2.87913067e+01] 52.85249591038229
[0 1]
nll_gcc_eq_3 [99.98434658 44.58495797 26.95132523] 56.12613115922478
[0 1]
nll_rand_guess [0.81734714] 68.62157087543459
[0 1]
nll_bias_guess [0.47501856] 68.49526910414116
[0 1]
nll_unix_0 [47.37337215 38.35360108] 71.93445986335517
[0 1]
nll_unix_1 [53.47610076 38.35490527] 89.31005403889122
[0 1]
nll_uniy_0 [45.03739005 38.35255316] 87.12234555116558
[0 1]
nll_uniy_1 [50.86143724 38.33573011] 74.22398889776738
[0 1]
nll_glc_0 [  0.99974099 -48.27834138  38.35367101] 71.92957042739985
0.9997409902452261 0.02275856813366622 -48.278341377896496
[0 1]
nll_glc_1 [-0.99996305 46.97880344 38.35297519] 71.93801565235601
-0.9999630475697058 0.008596714204065796 46.9788034355259
[0 1]
nll_gcc_eq_0 [ 7.58180193 36.86198227 38.3037623 ] 71.53414207510687
[0 1]
nll_gcc_eq_1 [67.34922934 21.25225446 38.35001169] 70.30570665242222
[0 1]
nll_gcc_eq_2 [ 0.08503465 52.29282207 38.35002032] 87.97454335948674
[0 1]
nll_gcc_eq_3 [57.89334014 97.21448249 38.34928909] 70.5400492624662
[0 1]
nll_rand_guess [0.05022616] 69.31471805599453
[0 1]
nll_bias_guess [0.48032732] 69.23471817089148
[0 1]
nll_unix_0 [45.25816948 39.05326449] 82.72384811958048
[0 1]
nll_unix_1 [48.53259913 39.05728619] 78.35789136846995
[0 1]
nll_uniy_0 [53.03797662 39.053308  ] 74.73619436348692
[0 1]
nll_uniy_1 [58.3375415  39.05779844] 89.07588773456261
[0 1]
nll_glc_0 [  0.51050209 -69.63631432  39.05768363] 72.6323411593606
0.5105020937019245 0.8598765099279962 -69.63631432144523
[0 1]
nll_glc_1 [  0.97030178 -60.74799843  39.05616196] 78.0912082668298
0.970301783771736 0.2418975990153421 -60.74799842571463
[0 1]
nll_gcc_eq_0 [38.46230586  4.6241358  39.04612219] 75.51201940296812
[0 1]
nll_gcc_eq_1 [51.57274698  0.06317145 39.05772655] 83.82484052046196
[0 1]
nll_gcc_eq_2 [18.32285818 73.72489977 39.057566  ] 74.99906972624922
[0 1]
nll_gcc_eq_3 [87.85596582 68.27738222 39.05509506] 71.5575608773593
[0 1]
nll_rand_guess [0.36584526] 69.31471805599453
[0 1]
nll_bias_guess [0.51897735] 69.23490618359003
[0 1]
nll_unix_0 [54.40576312 38.00498889] 74.6120827553408
[0 1]
nll_unix_1 [51.69603738 38.00574236] 90.81119667622161
[0 1]
nll_uniy_0 [55.93714937 24.79796735] 47.901312247439456
[0 1]
nll_uniy_1 [50.78981103 38.00576564] 115.78286255067735
[0 1]
nll_glc_0 [  0.39220965 -71.91772957  18.84574618] 41.197336047235375
0.392209651516672 0.9198758553506939 -71.91772956944023
[0 1]
nll_glc_1 [-0.99999987 54.59747797 38.00187904] 74.63374814799042
-0.9999998692927752 0.0005112870353776215 54.59747797080044
[0 1]
nll_gcc_eq_0 [43.38468678  0.07934001 37.99898686] 95.30170887644103
[0 1]
nll_gcc_eq_1 [5.79740235e+01 2.89671619e-03 3.79869831e+01] 83.55918662955943
[0 1]
nll_gcc_eq_2 [1.63366787e-03 5.72752818e+01 2.17039920e+01] 50.15168791867187
[0 1]
nll_gcc_eq_3 [90.29350658 63.22500807 18.20162607] 43.33506545682992
[0 1]
nll_rand_guess [0.82732421] 69.31471805599453
[0 1]
nll_bias_guess [0.46980766] 69.13461732633675
[0 1]
nll_unix_0 [42.87273298 38.19426222] 68.17069052298302
[0 1]
nll_unix_1 [49.86173137 38.1955778 ] 96.8707185840913
[0 1]
nll_uniy_0 [50.5366638  38.19453655] 63.728226300344446
[0 1]
nll_uniy_1 [56.40160873 38.19617539] 94.2708997774163
[0 1]
nll_glc_0 [  0.58960982 -68.59917002  27.36817175] 55.523019751947956
0.5896098209722942 0.8076882189391023 -68.59917001775524
[0 1]
nll_glc_1 [-0.99999997 43.00188198 38.16664994] 68.18228631706832
-0.999999973455781 0.00023040928241698367 43.00188197846532
[0 1]
nll_gcc_eq_0 [26.61491629 26.54907574 38.19570956] 91.88245866221857
[0 1]
nll_gcc_eq_1 [4.70611630e+01 1.91999204e-02 3.81696477e+01] 71.97684728559526
[0 1]
nll_gcc_eq_2 [3.15472424e-03 5.51250114e+01 3.80690656e+01] 69.585408547769
[0 1]
nll_gcc_eq_3 [74.00324093 66.0775818  27.67205037] 56.58136405248487
[0 1]
nll_rand_guess [0.59232285] 69.31471805599453
[0 1]
nll_bias_guess [0.55035532] 68.81390687868054
[0 1]
nll_unix_0 [53.39233632 37.7392248 ] 90.51229411779798
[0 1]
nll_unix_1 [44.63919983 37.73937234] 71.57327402061199
[0 1]
nll_uniy_0 [56.37328909 27.44908755] 48.21537791856365
[0 1]
nll_uniy_1 [45.94367948 37.74077191] 119.2427012109732
[0 1]
nll_glc_0 [ 3.35848419e-02 -5.78589496e+01  2.69696372e+01] 48.19951267041272
0.033584841879045424 0.9994358700766945 -57.858949629354804
[0 1]
nll_glc_1 [  0.99999991 -44.38529088  37.74077768] 71.5823072774993
0.9999999145021734 0.0004135161978267487 -44.38529087905683
[0 1]
nll_gcc_eq_0 [3.83247488e+01 2.00687715e-03 3.77320183e+01] 78.7704526979378
[0 1]
nll_gcc_eq_1 [5.93003471e+01 4.60532814e-03 3.77406698e+01] 98.89349442727453
[0 1]
nll_gcc_eq_2 [9.78690273e-04 5.93564874e+01 2.52553488e+01] 48.05373533854378
[0 1]
nll_gcc_eq_3 [99.99303136 59.42144579 21.30418998] 47.01198203886993
[0 1]
nll_rand_guess [0.13681732] 69.31471805599453
[0 1]
nll_bias_guess [0.47890563] 69.23493665231507
[0 1]
nll_unix_0 [41.60036315 36.18970127] 76.76788458011089
[0 1]
nll_unix_1 [45.02675377 36.19049423] 86.88733992440308
[0 1]
nll_uniy_0 [51.21894457 34.57684004] 57.024809077744905
[0 1]
nll_uniy_1 [55.29229355 36.18919565] 108.8841186884071
[0 1]
nll_glc_0 [  0.37950608 -63.9631059   27.89936548] 54.25680272675123
0.37950607788254365 0.9251892438037791 -63.96310590000864
[0 1]
nll_glc_1 [-0.99999988 40.92697313 36.15881902] 76.80784698518005
-0.9999998810815545 0.00048768522324410654 40.926973127405
[0 1]
nll_gcc_eq_0 [38.91368296  0.16932029 36.18999205] 88.91834547517408
[0 1]
nll_gcc_eq_1 [4.54659432e+01 9.87540913e-03 3.61647659e+01] 82.12812871527234
[0 1]
nll_gcc_eq_2 [1.21398347e-02 5.56196662e+01 3.04950063e+01] 61.112547460849186
[0 1]
nll_gcc_eq_3 [93.8112234  56.0806894  27.98873229] 55.391588215759256
[0 1]
nll_rand_guess [0.29892036] 69.31471805599453
[0 1]
nll_bias_guess [0.50001064] 69.31471807863421
[0 1]
nll_unix_0 [49.52832578 39.00078116] 105.52153061232958
[0 1]
nll_unix_1 [51.27680563 26.46132065] 52.95340940326295
[0 1]
nll_uniy_0 [51.88713223 38.99597438] 85.24470789889111
[0 1]
nll_uniy_1 [51.87634365 39.00131571] 76.80853710112157
[0 1]
nll_glc_0 [-0.98942503 42.82635812 24.78920768] 52.51028768646958
-0.9894250274010465 0.14504521761312317 42.826358119165484
[0 1]
nll_glc_1 [  0.99999871 -51.44265183  26.78803904] 52.96571510837744
0.9999987087683091 0.0016070039559606514 -51.44265182651774
[0 1]
nll_gcc_eq_0 [4.92655074e+01 3.20713385e-02 2.47974424e+01] 53.757603309690325
[0 1]
nll_gcc_eq_1 [99.91224845 43.59420187 39.0037657 ] 79.3138913115476
[0 1]
nll_gcc_eq_2 [47.50621672 99.98790836 21.74701428] 51.74815891372073
[0 1]
nll_gcc_eq_3 [99.99931059 57.27299943 38.98735391] 90.5103337363594
[0 1]
nll_rand_guess [0.87944818] 69.31471805599453
[0 1]
nll_bias_guess [0.60988499] 66.87481146492924
[0 1]
nll_unix_0 [56.31466736 37.91567773] 112.81885820095138
[0 1]
nll_unix_1 [36.56874815 26.37858299] 47.48110197820605
[0 1]
nll_uniy_0 [61.54982648 37.91500294] 85.1339024662654
[0 1]
nll_uniy_1 [38.61245223 37.8999285 ] 71.8744087979428
[0 1]
nll_glc_0 [-0.98879528 29.12189189 24.36602088] 47.015693771861756
-0.9887952791161833 0.14927791530413737 29.12189189448213
[0 1]
nll_glc_1 [  0.99999809 -36.98689914  26.46244029] 47.49725637928623
0.9999980877416339 0.0019556362329064716 -36.98689913631734
[0 1]
nll_gcc_eq_0 [3.45097843e+01 3.20367659e-03 2.47148716e+01] 49.48243648784896
[0 1]
nll_gcc_eq_1 [99.9940971  31.79508321 37.88106589] 77.81217260475172
[0 1]
nll_gcc_eq_2 [32.80428744 99.92889203 22.47620565] 47.57382487567069
[0 1]
nll_gcc_eq_3 [99.97255044 65.88147888 37.91326867] 92.70155805662156
[0 1]
nll_rand_guess [0.76838773] 69.31471805599453
[0 1]
nll_bias_guess [0.55028845] 68.81389818151465
[0 1]
nll_unix_0 [52.64515372 38.72920417] 88.3027427008515
[0 1]
nll_unix_1 [42.50868376 38.73194352] 71.56058975973284
[0 1]
nll_uniy_0 [57.56713823 36.80747869] 59.399273691589755
[0 1]
nll_uniy_1 [46.87663761 38.72937128] 98.57734560521425
[0 1]
nll_glc_0 [ -0.48022776 -27.17225313  25.68363471] 54.40408261182975
-0.4802277605188402 0.8771438297263793 -27.172253130857797
[0 1]
nll_glc_1 [  0.99999923 -42.64891706  38.68020152] 71.60890332012363
0.9999992307629824 0.0012403521449692234 -42.6489170590973
[0 1]
nll_gcc_eq_0 [3.78862199e+01 3.14808986e-02 3.87078603e+01] 77.54100516250276
[0 1]
nll_gcc_eq_1 [62.26596922  0.090706   38.73138783] 88.50676778090124
[0 1]
nll_gcc_eq_2 [12.00081364 65.35098345 23.76864763] 54.67931940671371
[0 1]
nll_gcc_eq_3 [99.99188901 59.62153839 30.28165015] 62.89935809557946
[0 1]
nll_rand_guess [0.85553044] 69.31471805599453
[0 1]
nll_bias_guess [0.36140269] 65.3422459782249
[0 1]
nll_unix_0 [39.14327696 37.55718342] 99.1616840444969
[0 1]
nll_unix_1 [67.82468547 35.82914901] 54.73992444402115
[0 1]
nll_uniy_0 [39.27172778 37.55840127] 79.03922104625696
[0 1]
nll_uniy_1 [66.70348721 37.56236348] 75.11694982186594
[0 1]
nll_glc_0 [-0.97425781 53.1279671  31.31620369] 53.9721499959376
-0.9742578106478096 0.22543672813394178 53.127967098764614
[0 1]
nll_glc_1 [  0.99999974 -68.07084121  37.09597172] 54.75716673910279
0.9999997390971229 0.00072236118812163 -68.07084120967535
[0 1]
nll_gcc_eq_0 [6.39558004e+01 2.58977654e-02 3.53123400e+01] 56.8524063180841
[0 1]
nll_gcc_eq_1 [99.98441662 60.22104397 37.55982143] 78.95477907099422
[0 1]
nll_gcc_eq_2 [62.41307021 99.9842456  33.86673173] 56.96358549176882
[0 1]
nll_gcc_eq_3 [99.99636657 44.40526293 37.54637135] 83.41610996353575
[0 1]
nll_rand_guess [0.48259353] 69.31471805599453
[0 1]
nll_bias_guess [0.47990023] 69.23469870283658
[0 1]
nll_unix_0 [45.62982808 37.23144871] 113.34207023212174
[0 1]
nll_unix_1 [50.34125647 29.16195356] 52.6319416369912
[0 1]
nll_uniy_0 [41.52926739 35.94269104] 60.03305954970809
[0 1]
nll_uniy_1 [46.1269499  37.23225972] 99.5475773870985
[0 1]
nll_glc_0 [-0.7004639   3.09246478 12.30468657] 28.097540940062792
-0.7004639022850396 0.7136878320355577 3.092464777488788
[0 1]
nll_glc_1 [  1.         -50.15024319  29.01228996] 52.634009535465324
0.9999999991477426 4.128576935901724e-05 -50.15024319410062
[0 1]
nll_gcc_eq_0 [4.98338563e+01 4.55935239e-03 2.38237038e+01] 59.41045969842846
[0 1]
nll_gcc_eq_1 [93.18094608 33.67685154 37.22859294] 98.21512356832292
[0 1]
nll_gcc_eq_2 [32.62097785 60.15459417 13.01367956] 33.62267920413332
[0 1]
nll_gcc_eq_3 [99.97566913 42.3121333  26.46111712] 66.81766576540367
[0 1]
nll_rand_guess [0.82499082] 69.31471805599453
[0 1]
nll_bias_guess [0.42935036] 68.33157747293484
[0 1]
nll_unix_0 [43.35572859 37.84787077] 103.61943247295962
[0 1]
nll_unix_1 [56.29543517 27.85362722] 53.96669408641575
[0 1]
nll_uniy_0 [46.77461835 37.84784493] 62.01828874918996
[0 1]
nll_uniy_1 [61.95127606 37.84505847] 99.49891934934519
[0 1]
nll_glc_0 [-0.80095836 12.15527571 14.70364396] 35.87775530795729
-0.8009583553559549 0.5987200622874465 12.15527571344997
[0 1]
nll_glc_1 [  0.99999997 -56.25866394  28.23428578] 53.97965684638895
0.9999999651151965 0.000264139368060575 -56.258663937964734
[0 1]
nll_gcc_eq_0 [5.53997924e+01 2.75127920e-02 2.37327651e+01] 57.472137880113564
[0 1]
nll_gcc_eq_1 [68.8505889  31.42851658 37.84435922] 98.17928463899973
[0 1]
nll_gcc_eq_2 [41.30908524 72.56176534 16.5521095 ] 41.89376318600296
[0 1]
nll_gcc_eq_3 [99.99531587 49.99857195 37.596732  ] 68.95265644404729
[0 1]
nll_rand_guess [0.83650091] 67.92842369487464
[0 1]
nll_bias_guess [0.47012619] 67.74474257157047
[0 1]
nll_unix_0 [49.10052329 37.47589686] 75.34696636650128
[0 1]
nll_unix_1 [55.55436774 37.47726189] 88.56951956894095
[0 1]
nll_uniy_0 [44.75570869 37.47706866] 86.04823702769092
[0 1]
nll_uniy_1 [51.10197476 37.47409677] 76.12887656336873
[0 1]
nll_glc_0 [  0.99999978 -49.02014206  37.46743474] 75.3589695863455
0.9999997819307 0.0006604078682029275 -49.020142058898735
[0 1]
nll_glc_1 [-0.71507129  0.24236048 37.47713669] 69.58792970937293
-0.7150712923662692 0.6990515337467142 0.24236048496266077
[0 1]
nll_gcc_eq_0 [ 0.05091475 45.32298811 37.47472455] 78.09945927783004
[0 1]
nll_gcc_eq_1 [73.64363267 21.96671226 37.47037884] 67.45814207988042
[0 1]
nll_gcc_eq_2 [21.73189711 66.23742648 37.46328084] 81.19389677717831
[0 1]
nll_gcc_eq_3 [55.1140713  99.997073   37.47521401] 77.23813776977212
[0 1]
nll_rand_guess [0.34386432] 67.23527651431469
[0 1]
nll_bias_guess [0.69080013] 59.996639364383114
[0 1]
nll_unix_0 [66.9853352  36.21841638] 84.9890910123074
[0 1]
nll_unix_1 [27.54893365 36.2182704 ] 57.85047752845257
[0 1]
nll_uniy_0 [73.54354143 36.21560681] 51.16341232797834
[0 1]
nll_uniy_1 [34.54738548 36.23251722] 95.52296469574563
[0 1]
nll_glc_0 [ -0.63361979 -25.51406323  21.76602307] 42.170705507540504
-0.6336197901947038 0.7736445963577976 -25.514063228094113
[0 1]
nll_glc_1 [  0.99999996 -28.12244083  36.21834728] 57.85570849935506
0.9999999558995938 0.00029698621253020606 -28.122440826971538
[0 1]
nll_gcc_eq_0 [2.51346164e+01 8.92477095e-03 3.60964142e+01] 66.51760233744173
[0 1]
nll_gcc_eq_1 [80.96871077  0.08571773 36.22246288] 81.29039331156879
[0 1]
nll_gcc_eq_2 [15.51605609 77.50081109 15.40039285] 38.31482450635575
[0 1]
nll_gcc_eq_3 [99.98961102 72.5660246  29.04669436] 58.091947551600335
[0 1]
Wrote DBM chunk to: ../dbm_fits/dbm_results_chunks/dbm_results_chunk_0001_of_0004.csv
Elapsed seconds: 102.4

======================================================================================
                  Resource Usage on 2026-04-15 21:09:22:
   Job Id:             165776174[1].gadi-pbs
   Project:            sa4
   Exit Status:        0
   Service Units:      0.06
   NCPUs Requested:    1                   CPU Time Used: 00:01:37        
   Memory Requested:   4.0GB                 Memory Used: 166.14MB        
   Walltime Requested: 01:00:00            Walltime Used: 00:01:52        
   JobFS Requested:    100.0MB                JobFS Used: 0B              
======================================================================================
